URI: http://localhost:8008/v1/posts
HEADERS: {"Host":["localhost"],"User-Agent":["insomnia\/2023.5.8"],"Accept":["*\/*"]}
BODY: 


URI: http://localhost:8008/v1/posts/3
HEADERS: {"Host":["localhost"],"User-Agent":["insomnia\/2023.5.8"],"Accept":["*\/*"]}
BODY: 


URI: http://localhost:8008/v1/posts/3
HEADERS: {"Host":["localhost"],"User-Agent":["insomnia\/2023.5.8"],"Accept":["*\/*"]}
BODY: 


URI: http://localhost:8008/v1/posts/3
HEADERS: {"Host":["localhost"],"User-Agent":["insomnia\/2023.5.8"],"Accept":["*\/*"]}
BODY: 


URI: http://localhost:8008/v1/posts/3
HEADERS: {"Host":["localhost"],"User-Agent":["insomnia\/2023.5.8"],"Accept":["*\/*"]}
BODY: 


URI: http://localhost:8008/v1/posts/3
HEADERS: {"Host":["localhost"],"User-Agent":["insomnia\/2023.5.8"],"Accept":["*\/*"]}
BODY: 


URI: http://localhost:8008/v1/posts
HEADERS: {"Host":["localhost"],"User-Agent":["insomnia\/2023.5.8"],"Accept":["*\/*"],"Content-Length":["0"]}
BODY: 


URI: http://localhost:8008/v1/posts
HEADERS: {"Host":["localhost"],"User-Agent":["insomnia\/2023.5.8"],"Accept":["*\/*"],"Content-Length":["0"]}
BODY: 


URI: http://localhost:8008/v1/posts
HEADERS: {"Host":["localhost"],"User-Agent":["insomnia\/2023.5.8"],"Accept":["*\/*"]}
BODY: 


URI: http://localhost:8008/v1/posts
HEADERS: {"Host":["localhost"],"User-Agent":["insomnia\/2023.5.8"],"Accept":["*\/*"]}
BODY: 


URI: http://localhost:8008/v1/posts
HEADERS: {"Host":["localhost"],"User-Agent":["insomnia\/2023.5.8"],"Accept":["*\/*"]}
BODY: 


URI: http://localhost:8008/v1/posts
HEADERS: {"Host":["localhost"],"User-Agent":["insomnia\/2023.5.8"],"Accept":["*\/*"]}
BODY: 


URI: http://localhost:8008/v1/posts
HEADERS: {"Host":["localhost"],"User-Agent":["insomnia\/2023.5.8"],"Accept":["*\/*"]}
BODY: 


URI: http://localhost:8008/v1/posts
HEADERS: {"Host":["localhost"],"User-Agent":["insomnia\/2023.5.8"],"Accept":["*\/*"]}
BODY: 


URI: http://localhost:8008/v1/posts
HEADERS: {"Host":["localhost"],"User-Agent":["insomnia\/2023.5.8"],"Accept":["*\/*"]}
BODY: 


URI: http://localhost:8008/v1/posts
HEADERS: {"Host":["localhost"],"User-Agent":["insomnia\/2023.5.8"],"Accept":["*\/*"]}
BODY: 


URI: http://localhost:8008/v1/posts
HEADERS: {"Host":["localhost"],"User-Agent":["insomnia\/2023.5.8"],"Accept":["*\/*"],"Content-Length":["0"]}
BODY: 


URI: http://localhost:8008/v1/posts
HEADERS: {"Host":["localhost"],"User-Agent":["insomnia\/2023.5.8"],"Accept":["*\/*"],"Content-Length":["0"]}
BODY: 


URI: http://localhost:8008/v1/posts/3
HEADERS: {"Host":["localhost"],"User-Agent":["insomnia\/2023.5.8"],"Accept":["*\/*"]}
BODY: 


URI: http://localhost:8008/v1/posts/3
HEADERS: {"Host":["localhost"],"User-Agent":["insomnia\/2023.5.8"],"Accept":["*\/*"]}
BODY: 


URI: http://localhost:8008/v1/fill_data
HEADERS: {"Host":["localhost"],"User-Agent":["insomnia\/2023.5.8"],"Accept":["*\/*"]}
BODY: 


URI: http://localhost:8008/v1/fill_data
HEADERS: {"Host":["localhost"],"User-Agent":["insomnia\/2023.5.8"],"Accept":["*\/*"]}
BODY: 


URI: http://localhost:8008/v1/fill_data
HEADERS: {"Host":["localhost"],"User-Agent":["insomnia\/2023.5.8"],"Accept":["*\/*"]}
BODY: 


URI: http://localhost:8008/v1/fill_data
HEADERS: {"Host":["localhost"],"User-Agent":["insomnia\/2023.5.8"],"Accept":["*\/*"]}
BODY: 


URI: http://localhost:8008/v1/fill_data
HEADERS: {"Host":["localhost"],"User-Agent":["insomnia\/2023.5.8"],"Accept":["*\/*"]}
BODY: 


URI: http://localhost:8008/v1/fill_data
HEADERS: {"Host":["localhost"],"User-Agent":["insomnia\/2023.5.8"],"Accept":["*\/*"]}
BODY: 


URI: http://localhost:8008/v1/fill_data
HEADERS: {"Host":["localhost"],"User-Agent":["insomnia\/2023.5.8"],"Accept":["*\/*"]}
BODY: 


URI: http://localhost:8008/v1/fill_data
HEADERS: {"Host":["localhost"],"User-Agent":["insomnia\/2023.5.8"],"Accept":["*\/*"]}
BODY: 


URI: http://localhost:8008/v1/fill_data
HEADERS: {"Host":["localhost"],"User-Agent":["insomnia\/2023.5.8"],"Accept":["*\/*"]}
BODY: 


URI: http://localhost:8008/v1/fill_data
HEADERS: {"Host":["localhost"],"User-Agent":["insomnia\/2023.5.8"],"Accept":["*\/*"]}
BODY: 


URI: http://localhost:8008/v1/posts
HEADERS: {"Host":["localhost"],"User-Agent":["insomnia\/2023.5.8"],"Accept":["*\/*"]}
BODY: 


URI: http://localhost:8008/v1/posts
HEADERS: {"Host":["localhost"],"User-Agent":["insomnia\/2023.5.8"],"Accept":["*\/*"]}
BODY: 


URI: http://localhost:8008/v1/fill_data
HEADERS: {"Host":["localhost"],"User-Agent":["insomnia\/2023.5.8"],"Accept":["*\/*"]}
BODY: 


URI: http://localhost:8008/v1/fill_data
HEADERS: {"Host":["localhost"],"User-Agent":["insomnia\/2023.5.8"],"Accept":["*\/*"]}
BODY: 


URI: http://localhost:8008/v1/fill_data
HEADERS: {"Host":["localhost"],"User-Agent":["insomnia\/2023.5.8"],"Accept":["*\/*"]}
BODY: 


URI: http://localhost:8008/v1/fill_data
HEADERS: {"Host":["localhost"],"User-Agent":["insomnia\/2023.5.8"],"Accept":["*\/*"]}
BODY: 


URI: http://localhost:8008/v1/fill_data
HEADERS: {"Host":["localhost"],"User-Agent":["Mozilla\/5.0 (Windows NT 10.0; Win64; x64; rv:109.0) Gecko\/20100101 Firefox\/118.0"],"Accept":["text\/html,application\/xhtml+xml,application\/xml;q=0.9,image\/avif,image\/webp,*\/*;q=0.8"],"Accept-Language":["en-US,en;q=0.5"],"Accept-Encoding":["gzip, deflate, br"],"DNT":["1"],"Connection":["keep-alive"],"Cookie":["Phpstorm-95703cb4=7d0aedf2-7d54-4a67-8714-21f294d77117"],"Upgrade-Insecure-Requests":["1"],"Sec-Fetch-Dest":["document"],"Sec-Fetch-Mode":["navigate"],"Sec-Fetch-Site":["none"],"Sec-Fetch-User":["?1"]}
BODY: 


URI: http://localhost:8008/v1/fill_data
HEADERS: {"Host":["localhost"],"User-Agent":["Mozilla\/5.0 (Windows NT 10.0; Win64; x64; rv:109.0) Gecko\/20100101 Firefox\/118.0"],"Accept":["text\/html,application\/xhtml+xml,application\/xml;q=0.9,image\/avif,image\/webp,*\/*;q=0.8"],"Accept-Language":["en-US,en;q=0.5"],"Accept-Encoding":["gzip, deflate, br"],"DNT":["1"],"Connection":["keep-alive"],"Cookie":["Phpstorm-95703cb4=7d0aedf2-7d54-4a67-8714-21f294d77117"],"Upgrade-Insecure-Requests":["1"],"Sec-Fetch-Dest":["document"],"Sec-Fetch-Mode":["navigate"],"Sec-Fetch-Site":["none"],"Sec-Fetch-User":["?1"]}
BODY: 


URI: http://localhost:8008/v1/fill_data
HEADERS: {"Host":["localhost"],"User-Agent":["insomnia\/2023.5.8"],"Accept":["*\/*"]}
BODY: 


URI: http://localhost:8008/v1/fill_data
HEADERS: {"Host":["localhost"],"User-Agent":["insomnia\/2023.5.8"],"Accept":["*\/*"]}
BODY: 


URI: http://localhost:8008/v1/fill_data
HEADERS: {"Host":["localhost"],"User-Agent":["insomnia\/2023.5.8"],"Accept":["*\/*"]}
BODY: 


URI: http://localhost:8008/v1/fill_data
HEADERS: {"Host":["localhost"],"User-Agent":["insomnia\/2023.5.8"],"Accept":["*\/*"]}
BODY: 


URI: http://localhost:8008/v1/fill_data
HEADERS: {"Host":["localhost"],"User-Agent":["insomnia\/2023.5.8"],"Accept":["*\/*"]}
BODY: 


URI: http://localhost:8008/v1/fill_data
HEADERS: {"Host":["localhost"],"User-Agent":["insomnia\/2023.5.8"],"Accept":["*\/*"]}
BODY: 


URI: http://localhost:8008/v1/fill_data
HEADERS: {"Host":["localhost"],"User-Agent":["insomnia\/2023.5.8"],"Accept":["*\/*"]}
BODY: 


URI: http://localhost:8008/v1/fill_data
HEADERS: {"Host":["localhost"],"User-Agent":["insomnia\/2023.5.8"],"Accept":["*\/*"]}
BODY: 


URI: http://localhost:8008/v1/fill_data
HEADERS: {"Host":["localhost"],"User-Agent":["insomnia\/2023.5.8"],"Accept":["*\/*"]}
BODY: 


URI: http://localhost:8008/v1/fill_data
HEADERS: {"Host":["localhost"],"User-Agent":["Mozilla\/5.0 (Windows NT 10.0; Win64; x64; rv:109.0) Gecko\/20100101 Firefox\/118.0"],"Accept":["text\/html,application\/xhtml+xml,application\/xml;q=0.9,image\/avif,image\/webp,*\/*;q=0.8"],"Accept-Language":["en-US,en;q=0.5"],"Accept-Encoding":["gzip, deflate, br"],"DNT":["1"],"Connection":["keep-alive"],"Cookie":["Phpstorm-95703cb4=7d0aedf2-7d54-4a67-8714-21f294d77117"],"Upgrade-Insecure-Requests":["1"],"Sec-Fetch-Dest":["document"],"Sec-Fetch-Mode":["navigate"],"Sec-Fetch-Site":["none"],"Sec-Fetch-User":["?1"]}
BODY: 


URI: http://localhost:8008/v1/fill_data
HEADERS: {"Host":["localhost"],"User-Agent":["insomnia\/2023.5.8"],"Accept":["*\/*"]}
BODY: 


URI: http://localhost:8008/v1/fill_data
HEADERS: {"Host":["localhost"],"User-Agent":["insomnia\/2023.5.8"],"Accept":["*\/*"]}
BODY: 


URI: http://localhost:8008/v1/fill_data
HEADERS: {"Host":["localhost"],"User-Agent":["insomnia\/2023.5.8"],"Accept":["*\/*"]}
BODY: 


URI: http://localhost:8008/v1/fill_data
HEADERS: {"Host":["localhost"],"User-Agent":["Mozilla\/5.0 (Windows NT 10.0; Win64; x64; rv:109.0) Gecko\/20100101 Firefox\/118.0"],"Accept":["text\/html,application\/xhtml+xml,application\/xml;q=0.9,image\/avif,image\/webp,*\/*;q=0.8"],"Accept-Language":["en-US,en;q=0.5"],"Accept-Encoding":["gzip, deflate, br"],"DNT":["1"],"Connection":["keep-alive"],"Cookie":["Phpstorm-95703cb4=7d0aedf2-7d54-4a67-8714-21f294d77117"],"Upgrade-Insecure-Requests":["1"],"Sec-Fetch-Dest":["document"],"Sec-Fetch-Mode":["navigate"],"Sec-Fetch-Site":["cross-site"]}
BODY: 


URI: http://localhost:8008/v1/fill_data
HEADERS: {"Host":["localhost"],"User-Agent":["Mozilla\/5.0 (Windows NT 10.0; Win64; x64; rv:109.0) Gecko\/20100101 Firefox\/118.0"],"Accept":["text\/html,application\/xhtml+xml,application\/xml;q=0.9,image\/avif,image\/webp,*\/*;q=0.8"],"Accept-Language":["en-US,en;q=0.5"],"Accept-Encoding":["gzip, deflate, br"],"DNT":["1"],"Connection":["keep-alive"],"Cookie":["Phpstorm-95703cb4=7d0aedf2-7d54-4a67-8714-21f294d77117"],"Upgrade-Insecure-Requests":["1"],"Sec-Fetch-Dest":["document"],"Sec-Fetch-Mode":["navigate"],"Sec-Fetch-Site":["none"],"Sec-Fetch-User":["?1"]}
BODY: 


URI: http://localhost:8008/v1/fill_data
HEADERS: {"Host":["localhost"],"User-Agent":["insomnia\/2023.5.8"],"Accept":["*\/*"]}
BODY: 


URI: http://localhost:8008/v1/fill_data
HEADERS: {"Host":["localhost"],"User-Agent":["insomnia\/2023.5.8"],"Accept":["*\/*"]}
BODY: 


URI: http://localhost:8008/v1/fill_data
HEADERS: {"Host":["localhost"],"User-Agent":["Mozilla\/5.0 (Windows NT 10.0; Win64; x64; rv:109.0) Gecko\/20100101 Firefox\/118.0"],"Accept":["text\/html,application\/xhtml+xml,application\/xml;q=0.9,image\/avif,image\/webp,*\/*;q=0.8"],"Accept-Language":["en-US,en;q=0.5"],"Accept-Encoding":["gzip, deflate, br"],"DNT":["1"],"Connection":["keep-alive"],"Cookie":["Phpstorm-95703cb4=7d0aedf2-7d54-4a67-8714-21f294d77117"],"Upgrade-Insecure-Requests":["1"],"Sec-Fetch-Dest":["document"],"Sec-Fetch-Mode":["navigate"],"Sec-Fetch-Site":["none"],"Sec-Fetch-User":["?1"]}
BODY: 


URI: http://localhost:8008/v1/fill_data
HEADERS: {"Host":["localhost"],"User-Agent":["Mozilla\/5.0 (Windows NT 10.0; Win64; x64; rv:109.0) Gecko\/20100101 Firefox\/118.0"],"Accept":["text\/html,application\/xhtml+xml,application\/xml;q=0.9,image\/avif,image\/webp,*\/*;q=0.8"],"Accept-Language":["en-US,en;q=0.5"],"Accept-Encoding":["gzip, deflate, br"],"DNT":["1"],"Connection":["keep-alive"],"Cookie":["Phpstorm-95703cb4=7d0aedf2-7d54-4a67-8714-21f294d77117"],"Upgrade-Insecure-Requests":["1"],"Sec-Fetch-Dest":["document"],"Sec-Fetch-Mode":["navigate"],"Sec-Fetch-Site":["none"],"Sec-Fetch-User":["?1"]}
BODY: 


URI: http://localhost:8008/v1/fill_data
HEADERS: {"Host":["localhost"],"User-Agent":["Mozilla\/5.0 (Windows NT 10.0; Win64; x64; rv:109.0) Gecko\/20100101 Firefox\/118.0"],"Accept":["text\/html,application\/xhtml+xml,application\/xml;q=0.9,image\/avif,image\/webp,*\/*;q=0.8"],"Accept-Language":["en-US,en;q=0.5"],"Accept-Encoding":["gzip, deflate, br"],"DNT":["1"],"Connection":["keep-alive"],"Cookie":["Phpstorm-95703cb4=7d0aedf2-7d54-4a67-8714-21f294d77117"],"Upgrade-Insecure-Requests":["1"],"Sec-Fetch-Dest":["document"],"Sec-Fetch-Mode":["navigate"],"Sec-Fetch-Site":["none"],"Sec-Fetch-User":["?1"]}
BODY: 


URI: http://localhost:8008/v1/fill_data
HEADERS: {"Host":["localhost"],"User-Agent":["Mozilla\/5.0 (Windows NT 10.0; Win64; x64; rv:109.0) Gecko\/20100101 Firefox\/118.0"],"Accept":["text\/html,application\/xhtml+xml,application\/xml;q=0.9,image\/avif,image\/webp,*\/*;q=0.8"],"Accept-Language":["en-US,en;q=0.5"],"Accept-Encoding":["gzip, deflate, br"],"DNT":["1"],"Connection":["keep-alive"],"Cookie":["Phpstorm-95703cb4=7d0aedf2-7d54-4a67-8714-21f294d77117"],"Upgrade-Insecure-Requests":["1"],"Sec-Fetch-Dest":["document"],"Sec-Fetch-Mode":["navigate"],"Sec-Fetch-Site":["none"],"Sec-Fetch-User":["?1"]}
BODY: 


URI: http://localhost:8008/v1/fill_data
HEADERS: {"Host":["localhost"],"User-Agent":["Mozilla\/5.0 (Windows NT 10.0; Win64; x64; rv:109.0) Gecko\/20100101 Firefox\/118.0"],"Accept":["text\/html,application\/xhtml+xml,application\/xml;q=0.9,image\/avif,image\/webp,*\/*;q=0.8"],"Accept-Language":["en-US,en;q=0.5"],"Accept-Encoding":["gzip, deflate, br"],"DNT":["1"],"Connection":["keep-alive"],"Cookie":["Phpstorm-95703cb4=7d0aedf2-7d54-4a67-8714-21f294d77117"],"Upgrade-Insecure-Requests":["1"],"Sec-Fetch-Dest":["document"],"Sec-Fetch-Mode":["navigate"],"Sec-Fetch-Site":["none"],"Sec-Fetch-User":["?1"]}
BODY: 


URI: http://localhost:8008/v1/fill_data
HEADERS: {"Host":["localhost"],"User-Agent":["Mozilla\/5.0 (Windows NT 10.0; Win64; x64; rv:109.0) Gecko\/20100101 Firefox\/118.0"],"Accept":["text\/html,application\/xhtml+xml,application\/xml;q=0.9,image\/avif,image\/webp,*\/*;q=0.8"],"Accept-Language":["en-US,en;q=0.5"],"Accept-Encoding":["gzip, deflate, br"],"DNT":["1"],"Connection":["keep-alive"],"Cookie":["Phpstorm-95703cb4=7d0aedf2-7d54-4a67-8714-21f294d77117"],"Upgrade-Insecure-Requests":["1"],"Sec-Fetch-Dest":["document"],"Sec-Fetch-Mode":["navigate"],"Sec-Fetch-Site":["none"],"Sec-Fetch-User":["?1"]}
BODY: 


URI: http://localhost:8008/v1/fill_data
HEADERS: {"Host":["localhost"],"User-Agent":["Mozilla\/5.0 (Windows NT 10.0; Win64; x64; rv:109.0) Gecko\/20100101 Firefox\/118.0"],"Accept":["text\/html,application\/xhtml+xml,application\/xml;q=0.9,image\/avif,image\/webp,*\/*;q=0.8"],"Accept-Language":["en-US,en;q=0.5"],"Accept-Encoding":["gzip, deflate, br"],"DNT":["1"],"Connection":["keep-alive"],"Cookie":["Phpstorm-95703cb4=7d0aedf2-7d54-4a67-8714-21f294d77117"],"Upgrade-Insecure-Requests":["1"],"Sec-Fetch-Dest":["document"],"Sec-Fetch-Mode":["navigate"],"Sec-Fetch-Site":["none"],"Sec-Fetch-User":["?1"]}
BODY: 


URI: http://localhost:8008/v1/fill_data
HEADERS: {"Host":["localhost"],"User-Agent":["Mozilla\/5.0 (Windows NT 10.0; Win64; x64; rv:109.0) Gecko\/20100101 Firefox\/118.0"],"Accept":["text\/html,application\/xhtml+xml,application\/xml;q=0.9,image\/avif,image\/webp,*\/*;q=0.8"],"Accept-Language":["en-US,en;q=0.5"],"Accept-Encoding":["gzip, deflate, br"],"DNT":["1"],"Connection":["keep-alive"],"Cookie":["Phpstorm-95703cb4=7d0aedf2-7d54-4a67-8714-21f294d77117"],"Upgrade-Insecure-Requests":["1"],"Sec-Fetch-Dest":["document"],"Sec-Fetch-Mode":["navigate"],"Sec-Fetch-Site":["none"],"Sec-Fetch-User":["?1"]}
BODY: 


URI: http://localhost:8008/v1/fill_data
HEADERS: {"Host":["localhost"],"User-Agent":["Mozilla\/5.0 (Windows NT 10.0; Win64; x64; rv:109.0) Gecko\/20100101 Firefox\/118.0"],"Accept":["text\/html,application\/xhtml+xml,application\/xml;q=0.9,image\/avif,image\/webp,*\/*;q=0.8"],"Accept-Language":["en-US,en;q=0.5"],"Accept-Encoding":["gzip, deflate, br"],"DNT":["1"],"Connection":["keep-alive"],"Cookie":["Phpstorm-95703cb4=7d0aedf2-7d54-4a67-8714-21f294d77117"],"Upgrade-Insecure-Requests":["1"],"Sec-Fetch-Dest":["document"],"Sec-Fetch-Mode":["navigate"],"Sec-Fetch-Site":["none"],"Sec-Fetch-User":["?1"]}
BODY: 


URI: http://localhost:8008/v1/fill_data
HEADERS: {"Host":["localhost"],"User-Agent":["Mozilla\/5.0 (Windows NT 10.0; Win64; x64; rv:109.0) Gecko\/20100101 Firefox\/118.0"],"Accept":["text\/html,application\/xhtml+xml,application\/xml;q=0.9,image\/avif,image\/webp,*\/*;q=0.8"],"Accept-Language":["en-US,en;q=0.5"],"Accept-Encoding":["gzip, deflate, br"],"DNT":["1"],"Connection":["keep-alive"],"Cookie":["Phpstorm-95703cb4=7d0aedf2-7d54-4a67-8714-21f294d77117"],"Upgrade-Insecure-Requests":["1"],"Sec-Fetch-Dest":["document"],"Sec-Fetch-Mode":["navigate"],"Sec-Fetch-Site":["none"],"Sec-Fetch-User":["?1"]}
BODY: 


URI: http://localhost:8008/v1/fill_data
HEADERS: {"Host":["localhost"],"User-Agent":["insomnia\/2023.5.8"],"Accept":["*\/*"]}
BODY: 


URI: http://localhost:8008/v1/fill_data
HEADERS: {"Host":["localhost"],"User-Agent":["insomnia\/2023.5.8"],"Accept":["*\/*"]}
BODY: 


URI: http://localhost:8008/v1/fill_data
HEADERS: {"Host":["localhost"],"User-Agent":["insomnia\/2023.5.8"],"Accept":["*\/*"]}
BODY: 


URI: http://localhost:8008/v1/fill_data
HEADERS: {"Host":["localhost"],"User-Agent":["insomnia\/2023.5.8"],"Accept":["*\/*"]}
BODY: 


URI: http://localhost:8008/v1/fill_data
HEADERS: {"Host":["localhost"],"User-Agent":["Mozilla\/5.0 (Windows NT 10.0; Win64; x64; rv:109.0) Gecko\/20100101 Firefox\/118.0"],"Accept":["text\/html,application\/xhtml+xml,application\/xml;q=0.9,image\/avif,image\/webp,*\/*;q=0.8"],"Accept-Language":["en-US,en;q=0.5"],"Accept-Encoding":["gzip, deflate, br"],"DNT":["1"],"Connection":["keep-alive"],"Cookie":["Phpstorm-95703cb4=7d0aedf2-7d54-4a67-8714-21f294d77117"],"Upgrade-Insecure-Requests":["1"],"Sec-Fetch-Dest":["document"],"Sec-Fetch-Mode":["navigate"],"Sec-Fetch-Site":["none"],"Sec-Fetch-User":["?1"]}
BODY: 


URI: http://localhost:8008/v1/fill_data
HEADERS: {"Host":["localhost"],"User-Agent":["Mozilla\/5.0 (Windows NT 10.0; Win64; x64; rv:109.0) Gecko\/20100101 Firefox\/118.0"],"Accept":["text\/html,application\/xhtml+xml,application\/xml;q=0.9,image\/avif,image\/webp,*\/*;q=0.8"],"Accept-Language":["en-US,en;q=0.5"],"Accept-Encoding":["gzip, deflate, br"],"DNT":["1"],"Connection":["keep-alive"],"Cookie":["Phpstorm-95703cb4=7d0aedf2-7d54-4a67-8714-21f294d77117"],"Upgrade-Insecure-Requests":["1"],"Sec-Fetch-Dest":["document"],"Sec-Fetch-Mode":["navigate"],"Sec-Fetch-Site":["none"],"Sec-Fetch-User":["?1"]}
BODY: 


URI: http://localhost:8008/v1/fill_data
HEADERS: {"Host":["localhost"],"User-Agent":["insomnia\/2023.5.8"],"Accept":["*\/*"]}
BODY: 


URI: http://localhost:8008/v1/fill_data
HEADERS: {"Host":["localhost"],"User-Agent":["insomnia\/2023.5.8"],"Accept":["*\/*"]}
BODY: 


URI: http://localhost:8008/v1/fill_data
HEADERS: {"Host":["localhost"],"User-Agent":["Mozilla\/5.0 (Windows NT 10.0; Win64; x64; rv:109.0) Gecko\/20100101 Firefox\/118.0"],"Accept":["text\/html,application\/xhtml+xml,application\/xml;q=0.9,image\/avif,image\/webp,*\/*;q=0.8"],"Accept-Language":["en-US,en;q=0.5"],"Accept-Encoding":["gzip, deflate, br"],"DNT":["1"],"Connection":["keep-alive"],"Cookie":["Phpstorm-95703cb4=7d0aedf2-7d54-4a67-8714-21f294d77117"],"Upgrade-Insecure-Requests":["1"],"Sec-Fetch-Dest":["document"],"Sec-Fetch-Mode":["navigate"],"Sec-Fetch-Site":["none"],"Sec-Fetch-User":["?1"]}
BODY: 


URI: http://localhost:8008/v1/fill_data
HEADERS: {"Host":["localhost"],"User-Agent":["Mozilla\/5.0 (Windows NT 10.0; Win64; x64; rv:109.0) Gecko\/20100101 Firefox\/118.0"],"Accept":["text\/html,application\/xhtml+xml,application\/xml;q=0.9,image\/avif,image\/webp,*\/*;q=0.8"],"Accept-Language":["en-US,en;q=0.5"],"Accept-Encoding":["gzip, deflate, br"],"DNT":["1"],"Connection":["keep-alive"],"Cookie":["Phpstorm-95703cb4=7d0aedf2-7d54-4a67-8714-21f294d77117"],"Upgrade-Insecure-Requests":["1"],"Sec-Fetch-Dest":["document"],"Sec-Fetch-Mode":["navigate"],"Sec-Fetch-Site":["none"],"Sec-Fetch-User":["?1"]}
BODY: 


URI: http://localhost:8008/v1/fill_data
HEADERS: {"Host":["localhost"],"User-Agent":["insomnia\/2023.5.8"],"Accept":["*\/*"]}
BODY: 


URI: http://localhost:8008/v1/fill_data
HEADERS: {"Host":["localhost"],"User-Agent":["insomnia\/2023.5.8"],"Accept":["*\/*"]}
BODY: 


URI: http://localhost:8008/v1/fill_data
HEADERS: {"Host":["localhost"],"User-Agent":["insomnia\/2023.5.8"],"Accept":["*\/*"]}
BODY: 


URI: http://localhost:8008/v1/fill_data
HEADERS: {"Host":["localhost"],"User-Agent":["insomnia\/2023.5.8"],"Accept":["*\/*"]}
BODY: 


URI: http://localhost:8888/v1/fill_data
HEADERS: {"Host":["localhost"],"User-Agent":["insomnia\/2023.5.8"],"Accept":["*\/*"]}
BODY: 


URI: http://localhost:8888/v1/fill_data
HEADERS: {"Host":["localhost"],"User-Agent":["insomnia\/2023.5.8"],"Accept":["*\/*"]}
BODY: 


URI: http://localhost:8888/v1/fill_data
HEADERS: {"Host":["localhost"],"User-Agent":["Mozilla\/5.0 (Windows NT 10.0; Win64; x64; rv:109.0) Gecko\/20100101 Firefox\/118.0"],"Accept":["text\/html,application\/xhtml+xml,application\/xml;q=0.9,image\/avif,image\/webp,*\/*;q=0.8"],"Accept-Language":["en-US,en;q=0.5"],"Accept-Encoding":["gzip, deflate, br"],"DNT":["1"],"Connection":["keep-alive"],"Cookie":["Phpstorm-95703cb4=7d0aedf2-7d54-4a67-8714-21f294d77117"],"Upgrade-Insecure-Requests":["1"],"Sec-Fetch-Dest":["document"],"Sec-Fetch-Mode":["navigate"],"Sec-Fetch-Site":["none"],"Sec-Fetch-User":["?1"]}
BODY: 


URI: http://localhost:8888/v1/fill_data
HEADERS: {"Host":["localhost"],"User-Agent":["Mozilla\/5.0 (Windows NT 10.0; Win64; x64; rv:109.0) Gecko\/20100101 Firefox\/118.0"],"Accept":["text\/html,application\/xhtml+xml,application\/xml;q=0.9,image\/avif,image\/webp,*\/*;q=0.8"],"Accept-Language":["en-US,en;q=0.5"],"Accept-Encoding":["gzip, deflate, br"],"DNT":["1"],"Connection":["keep-alive"],"Cookie":["Phpstorm-95703cb4=7d0aedf2-7d54-4a67-8714-21f294d77117"],"Upgrade-Insecure-Requests":["1"],"Sec-Fetch-Dest":["document"],"Sec-Fetch-Mode":["navigate"],"Sec-Fetch-Site":["none"],"Sec-Fetch-User":["?1"]}
BODY: 


URI: http://localhost:8888/v1/fill_data
HEADERS: {"Host":["localhost"],"User-Agent":["Mozilla\/5.0 (Windows NT 10.0; Win64; x64; rv:109.0) Gecko\/20100101 Firefox\/118.0"],"Accept":["text\/html,application\/xhtml+xml,application\/xml;q=0.9,image\/avif,image\/webp,*\/*;q=0.8"],"Accept-Language":["en-US,en;q=0.5"],"Accept-Encoding":["gzip, deflate, br"],"DNT":["1"],"Connection":["keep-alive"],"Cookie":["Phpstorm-95703cb4=7d0aedf2-7d54-4a67-8714-21f294d77117"],"Upgrade-Insecure-Requests":["1"],"Sec-Fetch-Dest":["document"],"Sec-Fetch-Mode":["navigate"],"Sec-Fetch-Site":["none"],"Sec-Fetch-User":["?1"]}
BODY: 


URI: http://localhost:8888/v1/fill_data
HEADERS: {"Host":["localhost"],"User-Agent":["Mozilla\/5.0 (Windows NT 10.0; Win64; x64; rv:109.0) Gecko\/20100101 Firefox\/118.0"],"Accept":["text\/html,application\/xhtml+xml,application\/xml;q=0.9,image\/avif,image\/webp,*\/*;q=0.8"],"Accept-Language":["en-US,en;q=0.5"],"Accept-Encoding":["gzip, deflate, br"],"DNT":["1"],"Connection":["keep-alive"],"Cookie":["Phpstorm-95703cb4=7d0aedf2-7d54-4a67-8714-21f294d77117"],"Upgrade-Insecure-Requests":["1"],"Sec-Fetch-Dest":["document"],"Sec-Fetch-Mode":["navigate"],"Sec-Fetch-Site":["none"],"Sec-Fetch-User":["?1"]}
BODY: 


URI: http://localhost:8888/v1/fill_data
HEADERS: {"Host":["localhost"],"User-Agent":["Mozilla\/5.0 (Windows NT 10.0; Win64; x64; rv:109.0) Gecko\/20100101 Firefox\/118.0"],"Accept":["text\/html,application\/xhtml+xml,application\/xml;q=0.9,image\/avif,image\/webp,*\/*;q=0.8"],"Accept-Language":["en-US,en;q=0.5"],"Accept-Encoding":["gzip, deflate, br"],"DNT":["1"],"Connection":["keep-alive"],"Cookie":["Phpstorm-95703cb4=7d0aedf2-7d54-4a67-8714-21f294d77117"],"Upgrade-Insecure-Requests":["1"],"Sec-Fetch-Dest":["document"],"Sec-Fetch-Mode":["navigate"],"Sec-Fetch-Site":["none"],"Sec-Fetch-User":["?1"]}
BODY: 


URI: http://localhost:8888/v1/fill_data
HEADERS: {"Host":["localhost"],"User-Agent":["Mozilla\/5.0 (Windows NT 10.0; Win64; x64; rv:109.0) Gecko\/20100101 Firefox\/118.0"],"Accept":["text\/html,application\/xhtml+xml,application\/xml;q=0.9,image\/avif,image\/webp,*\/*;q=0.8"],"Accept-Language":["en-US,en;q=0.5"],"Accept-Encoding":["gzip, deflate, br"],"DNT":["1"],"Connection":["keep-alive"],"Cookie":["Phpstorm-95703cb4=7d0aedf2-7d54-4a67-8714-21f294d77117"],"Upgrade-Insecure-Requests":["1"],"Sec-Fetch-Dest":["document"],"Sec-Fetch-Mode":["navigate"],"Sec-Fetch-Site":["none"],"Sec-Fetch-User":["?1"]}
BODY: 


URI: http://localhost:8888/v1/fill_data
HEADERS: {"Host":["localhost"],"User-Agent":["Mozilla\/5.0 (Windows NT 10.0; Win64; x64; rv:109.0) Gecko\/20100101 Firefox\/118.0"],"Accept":["text\/html,application\/xhtml+xml,application\/xml;q=0.9,image\/avif,image\/webp,*\/*;q=0.8"],"Accept-Language":["en-US,en;q=0.5"],"Accept-Encoding":["gzip, deflate, br"],"DNT":["1"],"Connection":["keep-alive"],"Cookie":["Phpstorm-95703cb4=7d0aedf2-7d54-4a67-8714-21f294d77117"],"Upgrade-Insecure-Requests":["1"],"Sec-Fetch-Dest":["document"],"Sec-Fetch-Mode":["navigate"],"Sec-Fetch-Site":["none"],"Sec-Fetch-User":["?1"]}
BODY: 


URI: http://localhost:8888/v1/fill_data
HEADERS: {"Host":["localhost"],"User-Agent":["Mozilla\/5.0 (Windows NT 10.0; Win64; x64; rv:109.0) Gecko\/20100101 Firefox\/118.0"],"Accept":["text\/html,application\/xhtml+xml,application\/xml;q=0.9,image\/avif,image\/webp,*\/*;q=0.8"],"Accept-Language":["en-US,en;q=0.5"],"Accept-Encoding":["gzip, deflate, br"],"DNT":["1"],"Connection":["keep-alive"],"Cookie":["Phpstorm-95703cb4=7d0aedf2-7d54-4a67-8714-21f294d77117"],"Upgrade-Insecure-Requests":["1"],"Sec-Fetch-Dest":["document"],"Sec-Fetch-Mode":["navigate"],"Sec-Fetch-Site":["none"],"Sec-Fetch-User":["?1"]}
BODY: 


URI: http://localhost:8888/v1/fill_data
HEADERS: {"Host":["localhost"],"User-Agent":["insomnia\/2023.5.8"],"Accept":["*\/*"]}
BODY: 


URI: http://localhost:8888/v1/fill_data
HEADERS: {"Host":["localhost"],"User-Agent":["insomnia\/2023.5.8"],"Accept":["*\/*"]}
BODY: 


URI: http://localhost:8888/v1/fill_data
HEADERS: {"Host":["localhost"],"User-Agent":["Mozilla\/5.0 (Windows NT 10.0; Win64; x64; rv:109.0) Gecko\/20100101 Firefox\/118.0"],"Accept":["text\/html,application\/xhtml+xml,application\/xml;q=0.9,image\/avif,image\/webp,*\/*;q=0.8"],"Accept-Language":["en-US,en;q=0.5"],"Accept-Encoding":["gzip, deflate, br"],"DNT":["1"],"Connection":["keep-alive"],"Cookie":["Phpstorm-95703cb4=7d0aedf2-7d54-4a67-8714-21f294d77117"],"Upgrade-Insecure-Requests":["1"],"Sec-Fetch-Dest":["document"],"Sec-Fetch-Mode":["navigate"],"Sec-Fetch-Site":["none"],"Sec-Fetch-User":["?1"]}
BODY: 


URI: http://localhost:8888/v1/fill_data
HEADERS: {"Host":["localhost"],"User-Agent":["Mozilla\/5.0 (Windows NT 10.0; Win64; x64; rv:109.0) Gecko\/20100101 Firefox\/118.0"],"Accept":["text\/html,application\/xhtml+xml,application\/xml;q=0.9,image\/avif,image\/webp,*\/*;q=0.8"],"Accept-Language":["en-US,en;q=0.5"],"Accept-Encoding":["gzip, deflate, br"],"DNT":["1"],"Connection":["keep-alive"],"Cookie":["Phpstorm-95703cb4=7d0aedf2-7d54-4a67-8714-21f294d77117"],"Upgrade-Insecure-Requests":["1"],"Sec-Fetch-Dest":["document"],"Sec-Fetch-Mode":["navigate"],"Sec-Fetch-Site":["none"],"Sec-Fetch-User":["?1"]}
BODY: 


URI: http://localhost:8888/v1/fill_data
HEADERS: {"Host":["localhost"],"User-Agent":["Mozilla\/5.0 (Windows NT 10.0; Win64; x64; rv:109.0) Gecko\/20100101 Firefox\/118.0"],"Accept":["text\/html,application\/xhtml+xml,application\/xml;q=0.9,image\/avif,image\/webp,*\/*;q=0.8"],"Accept-Language":["en-US,en;q=0.5"],"Accept-Encoding":["gzip, deflate, br"],"DNT":["1"],"Connection":["keep-alive"],"Cookie":["Phpstorm-95703cb4=7d0aedf2-7d54-4a67-8714-21f294d77117"],"Upgrade-Insecure-Requests":["1"],"Sec-Fetch-Dest":["document"],"Sec-Fetch-Mode":["navigate"],"Sec-Fetch-Site":["none"],"Sec-Fetch-User":["?1"]}
BODY: 


URI: http://localhost:8888/v1/fill_data
HEADERS: {"Host":["localhost"],"User-Agent":["insomnia\/2023.5.8"],"Accept":["*\/*"]}
BODY: 


URI: http://localhost:8888/v1/fill_data
HEADERS: {"Host":["localhost"],"User-Agent":["insomnia\/2023.5.8"],"Accept":["*\/*"]}
BODY: 


URI: http://localhost:8888/v1/fill_data
HEADERS: {"Host":["localhost"],"User-Agent":["Mozilla\/5.0 (Windows NT 10.0; Win64; x64; rv:109.0) Gecko\/20100101 Firefox\/118.0"],"Accept":["text\/html,application\/xhtml+xml,application\/xml;q=0.9,image\/avif,image\/webp,*\/*;q=0.8"],"Accept-Language":["en-US,en;q=0.5"],"Accept-Encoding":["gzip, deflate, br"],"DNT":["1"],"Connection":["keep-alive"],"Cookie":["Phpstorm-95703cb4=7d0aedf2-7d54-4a67-8714-21f294d77117"],"Upgrade-Insecure-Requests":["1"],"Sec-Fetch-Dest":["document"],"Sec-Fetch-Mode":["navigate"],"Sec-Fetch-Site":["none"],"Sec-Fetch-User":["?1"]}
BODY: 


URI: http://localhost:8888/v1/fill_data
HEADERS: {"Host":["localhost"],"User-Agent":["Mozilla\/5.0 (Windows NT 10.0; Win64; x64; rv:109.0) Gecko\/20100101 Firefox\/118.0"],"Accept":["text\/html,application\/xhtml+xml,application\/xml;q=0.9,image\/avif,image\/webp,*\/*;q=0.8"],"Accept-Language":["en-US,en;q=0.5"],"Accept-Encoding":["gzip, deflate, br"],"DNT":["1"],"Connection":["keep-alive"],"Cookie":["Phpstorm-95703cb4=7d0aedf2-7d54-4a67-8714-21f294d77117"],"Upgrade-Insecure-Requests":["1"],"Sec-Fetch-Dest":["document"],"Sec-Fetch-Mode":["navigate"],"Sec-Fetch-Site":["none"],"Sec-Fetch-User":["?1"]}
BODY: 


URI: http://localhost:8888/v1/fill_data
HEADERS: {"Host":["localhost"],"User-Agent":["Mozilla\/5.0 (Windows NT 10.0; Win64; x64; rv:109.0) Gecko\/20100101 Firefox\/118.0"],"Accept":["text\/html,application\/xhtml+xml,application\/xml;q=0.9,image\/avif,image\/webp,*\/*;q=0.8"],"Accept-Language":["en-US,en;q=0.5"],"Accept-Encoding":["gzip, deflate, br"],"DNT":["1"],"Connection":["keep-alive"],"Cookie":["Phpstorm-95703cb4=7d0aedf2-7d54-4a67-8714-21f294d77117"],"Upgrade-Insecure-Requests":["1"],"Sec-Fetch-Dest":["document"],"Sec-Fetch-Mode":["navigate"],"Sec-Fetch-Site":["none"],"Sec-Fetch-User":["?1"]}
BODY: 


URI: http://localhost:8888/v1/fill_data
HEADERS: {"Host":["localhost"],"User-Agent":["Mozilla\/5.0 (Windows NT 10.0; Win64; x64; rv:109.0) Gecko\/20100101 Firefox\/118.0"],"Accept":["text\/html,application\/xhtml+xml,application\/xml;q=0.9,image\/avif,image\/webp,*\/*;q=0.8"],"Accept-Language":["en-US,en;q=0.5"],"Accept-Encoding":["gzip, deflate, br"],"DNT":["1"],"Connection":["keep-alive"],"Cookie":["Phpstorm-95703cb4=7d0aedf2-7d54-4a67-8714-21f294d77117"],"Upgrade-Insecure-Requests":["1"],"Sec-Fetch-Dest":["document"],"Sec-Fetch-Mode":["navigate"],"Sec-Fetch-Site":["none"],"Sec-Fetch-User":["?1"]}
BODY: 


URI: http://localhost:8888/v1/fill_data
HEADERS: {"Host":["localhost"],"User-Agent":["Mozilla\/5.0 (Windows NT 10.0; Win64; x64; rv:109.0) Gecko\/20100101 Firefox\/118.0"],"Accept":["text\/html,application\/xhtml+xml,application\/xml;q=0.9,image\/avif,image\/webp,*\/*;q=0.8"],"Accept-Language":["en-US,en;q=0.5"],"Accept-Encoding":["gzip, deflate, br"],"DNT":["1"],"Connection":["keep-alive"],"Cookie":["Phpstorm-95703cb4=7d0aedf2-7d54-4a67-8714-21f294d77117"],"Upgrade-Insecure-Requests":["1"],"Sec-Fetch-Dest":["document"],"Sec-Fetch-Mode":["navigate"],"Sec-Fetch-Site":["none"],"Sec-Fetch-User":["?1"]}
BODY: 


URI: http://localhost:8888/v1/fill_data
HEADERS: {"Host":["localhost"],"User-Agent":["Mozilla\/5.0 (Windows NT 10.0; Win64; x64; rv:109.0) Gecko\/20100101 Firefox\/118.0"],"Accept":["text\/html,application\/xhtml+xml,application\/xml;q=0.9,image\/avif,image\/webp,*\/*;q=0.8"],"Accept-Language":["en-US,en;q=0.5"],"Accept-Encoding":["gzip, deflate, br"],"DNT":["1"],"Connection":["keep-alive"],"Cookie":["Phpstorm-95703cb4=7d0aedf2-7d54-4a67-8714-21f294d77117"],"Upgrade-Insecure-Requests":["1"],"Sec-Fetch-Dest":["document"],"Sec-Fetch-Mode":["navigate"],"Sec-Fetch-Site":["none"],"Sec-Fetch-User":["?1"]}
BODY: 


URI: http://localhost:8888/v1/fill_data
HEADERS: {"Host":["localhost"],"User-Agent":["Mozilla\/5.0 (Windows NT 10.0; Win64; x64; rv:109.0) Gecko\/20100101 Firefox\/118.0"],"Accept":["text\/html,application\/xhtml+xml,application\/xml;q=0.9,image\/avif,image\/webp,*\/*;q=0.8"],"Accept-Language":["en-US,en;q=0.5"],"Accept-Encoding":["gzip, deflate, br"],"DNT":["1"],"Connection":["keep-alive"],"Cookie":["Phpstorm-95703cb4=7d0aedf2-7d54-4a67-8714-21f294d77117"],"Upgrade-Insecure-Requests":["1"],"Sec-Fetch-Dest":["document"],"Sec-Fetch-Mode":["navigate"],"Sec-Fetch-Site":["none"],"Sec-Fetch-User":["?1"]}
BODY: 


URI: http://localhost:8888/v1/fill_data
HEADERS: {"Host":["localhost"],"User-Agent":["Mozilla\/5.0 (Windows NT 10.0; Win64; x64; rv:109.0) Gecko\/20100101 Firefox\/118.0"],"Accept":["text\/html,application\/xhtml+xml,application\/xml;q=0.9,image\/avif,image\/webp,*\/*;q=0.8"],"Accept-Language":["en-US,en;q=0.5"],"Accept-Encoding":["gzip, deflate, br"],"DNT":["1"],"Connection":["keep-alive"],"Cookie":["Phpstorm-95703cb4=7d0aedf2-7d54-4a67-8714-21f294d77117"],"Upgrade-Insecure-Requests":["1"],"Sec-Fetch-Dest":["document"],"Sec-Fetch-Mode":["navigate"],"Sec-Fetch-Site":["none"],"Sec-Fetch-User":["?1"]}
BODY: 


URI: http://localhost:8888/v1/fill_data
HEADERS: {"Host":["localhost"],"User-Agent":["Mozilla\/5.0 (Windows NT 10.0; Win64; x64; rv:109.0) Gecko\/20100101 Firefox\/118.0"],"Accept":["text\/html,application\/xhtml+xml,application\/xml;q=0.9,image\/avif,image\/webp,*\/*;q=0.8"],"Accept-Language":["en-US,en;q=0.5"],"Accept-Encoding":["gzip, deflate, br"],"DNT":["1"],"Connection":["keep-alive"],"Cookie":["Phpstorm-95703cb4=7d0aedf2-7d54-4a67-8714-21f294d77117"],"Upgrade-Insecure-Requests":["1"],"Sec-Fetch-Dest":["document"],"Sec-Fetch-Mode":["navigate"],"Sec-Fetch-Site":["none"],"Sec-Fetch-User":["?1"]}
BODY: 


URI: http://localhost:8888/v1/fill_data
HEADERS: {"Host":["localhost"],"User-Agent":["Mozilla\/5.0 (Windows NT 10.0; Win64; x64; rv:109.0) Gecko\/20100101 Firefox\/118.0"],"Accept":["text\/html,application\/xhtml+xml,application\/xml;q=0.9,image\/avif,image\/webp,*\/*;q=0.8"],"Accept-Language":["en-US,en;q=0.5"],"Accept-Encoding":["gzip, deflate, br"],"DNT":["1"],"Connection":["keep-alive"],"Cookie":["Phpstorm-95703cb4=7d0aedf2-7d54-4a67-8714-21f294d77117"],"Upgrade-Insecure-Requests":["1"],"Sec-Fetch-Dest":["document"],"Sec-Fetch-Mode":["navigate"],"Sec-Fetch-Site":["none"],"Sec-Fetch-User":["?1"]}
BODY: 


URI: http://localhost:8888/v1/fill_data
HEADERS: {"Host":["localhost"],"User-Agent":["Mozilla\/5.0 (Windows NT 10.0; Win64; x64; rv:109.0) Gecko\/20100101 Firefox\/118.0"],"Accept":["text\/html,application\/xhtml+xml,application\/xml;q=0.9,image\/avif,image\/webp,*\/*;q=0.8"],"Accept-Language":["en-US,en;q=0.5"],"Accept-Encoding":["gzip, deflate, br"],"DNT":["1"],"Connection":["keep-alive"],"Cookie":["Phpstorm-95703cb4=7d0aedf2-7d54-4a67-8714-21f294d77117"],"Upgrade-Insecure-Requests":["1"],"Sec-Fetch-Dest":["document"],"Sec-Fetch-Mode":["navigate"],"Sec-Fetch-Site":["none"],"Sec-Fetch-User":["?1"]}
BODY: 


URI: http://localhost:8888/v1/posts/2
HEADERS: {"Host":["localhost"],"User-Agent":["insomnia\/2023.5.8"],"Accept":["*\/*"]}
BODY: 


URI: http://localhost:8888/v1/posts/2
HEADERS: {"Host":["localhost"],"User-Agent":["insomnia\/2023.5.8"],"Accept":["*\/*"]}
BODY: 


URI: http://localhost:8888/v1/posts
HEADERS: {"Host":["localhost"],"User-Agent":["insomnia\/2023.5.8"],"Accept":["*\/*"]}
BODY: 


URI: http://localhost:8888/v1/posts
HEADERS: {"Host":["localhost"],"User-Agent":["insomnia\/2023.5.8"],"Accept":["*\/*"]}
BODY: 


URI: http://localhost:8888/v1/posts
HEADERS: {"Host":["localhost"],"User-Agent":["insomnia\/2023.5.8"],"Accept":["*\/*"],"Content-Length":["0"]}
BODY: 


URI: http://localhost:8888/v1/posts
HEADERS: {"Host":["localhost"],"User-Agent":["insomnia\/2023.5.8"],"Accept":["*\/*"]}
BODY: 


URI: http://localhost:8888/v1/posts
HEADERS: {"Host":["localhost"],"User-Agent":["insomnia\/2023.5.8"],"Accept":["*\/*"]}
BODY: 


URI: http://localhost:8888/v1/posts
HEADERS: {"Host":["localhost"],"User-Agent":["insomnia\/2023.5.8"],"Accept":["*\/*"]}
BODY: 


URI: http://localhost:8888/v1/posts
HEADERS: {"Host":["localhost"],"User-Agent":["insomnia\/2023.5.8"],"Accept":["*\/*"]}
BODY: 


URI: http://localhost:8888/v1/movies/3
HEADERS: {"Host":["localhost"],"User-Agent":["insomnia\/2023.5.8"],"Accept":["*\/*"],"Content-Length":["0"]}
BODY: 


URI: http://localhost:8888/v1/movies/3
HEADERS: {"Host":["localhost"],"User-Agent":["insomnia\/2023.5.8"],"Accept":["*\/*"],"Content-Length":["0"]}
BODY: 


URI: http://localhost:8888/v1/movies/3
HEADERS: {"Host":["localhost"],"User-Agent":["insomnia\/2023.5.8"],"Accept":["*\/*"],"Content-Length":["0"]}
BODY: 


URI: http://localhost:8888/v1/movies/3
HEADERS: {"Host":["localhost"],"User-Agent":["insomnia\/2023.5.8"],"Accept":["*\/*"],"Content-Length":["0"]}
BODY: 


URI: http://localhost:8888/v1/movies/3
HEADERS: {"Host":["localhost"],"User-Agent":["insomnia\/2023.5.8"],"Accept":["*\/*"],"Content-Length":["0"]}
BODY: 


URI: http://localhost:8888/v1/movies/3
HEADERS: {"Host":["localhost"],"User-Agent":["insomnia\/2023.5.8"],"Accept":["*\/*"],"Content-Length":["0"]}
BODY: 


URI: http://localhost:8888/v1/movies/3
HEADERS: {"Host":["localhost"],"User-Agent":["insomnia\/2023.5.8"],"Accept":["*\/*"],"Content-Length":["0"]}
BODY: 


URI: http://localhost:8888/v1/movies/3
HEADERS: {"Host":["localhost"],"Content-Type":["application\/x-www-form-urlencoded"],"User-Agent":["insomnia\/2023.5.8"],"Accept":["*\/*"],"Content-Length":["8"]}
BODY: title=st


URI: http://localhost:8888/v1/movies/3
HEADERS: {"Host":["localhost"],"Content-Type":["application\/x-www-form-urlencoded"],"User-Agent":["insomnia\/2023.5.8"],"Accept":["*\/*"],"Content-Length":["8"]}
BODY: title=st


URI: http://localhost:8888/v1/movies/3
HEADERS: {"Host":["localhost"],"Content-Type":["application\/x-www-form-urlencoded"],"User-Agent":["insomnia\/2023.5.8"],"Accept":["*\/*"],"Content-Length":["8"]}
BODY: title=99


URI: http://localhost:8888/v1/movies/3
HEADERS: {"Host":["localhost"],"Content-Type":["application\/x-www-form-urlencoded"],"User-Agent":["insomnia\/2023.5.8"],"Accept":["*\/*"],"Content-Length":["8"]}
BODY: title=99


URI: http://localhost:8888/v1/movies/3
HEADERS: {"Host":["localhost"],"Content-Type":["application\/x-www-form-urlencoded"],"User-Agent":["insomnia\/2023.5.8"],"Accept":["*\/*"],"Content-Length":["8"]}
BODY: title=99


URI: http://localhost:8888/v1/movies/3
HEADERS: {"Host":["localhost"],"Content-Type":["application\/x-www-form-urlencoded"],"User-Agent":["insomnia\/2023.5.8"],"Accept":["*\/*"],"Content-Length":["8"]}
BODY: title=99


URI: http://localhost:8888/v1/movies/3
HEADERS: {"Host":["localhost"],"Content-Type":["application\/x-www-form-urlencoded"],"User-Agent":["insomnia\/2023.5.8"],"Accept":["*\/*"],"Content-Length":["8"]}
BODY: title=99


URI: http://localhost:8888/v1/movies/3
HEADERS: {"Host":["localhost"],"Content-Type":["application\/x-www-form-urlencoded"],"User-Agent":["insomnia\/2023.5.8"],"Accept":["*\/*"],"Content-Length":["8"]}
BODY: title=99


URI: http://localhost:8888/v1/movies/3
HEADERS: {"Host":["localhost"],"Content-Type":["application\/x-www-form-urlencoded"],"User-Agent":["insomnia\/2023.5.8"],"Accept":["*\/*"],"Content-Length":["8"]}
BODY: title=99


URI: http://localhost:8888/v1/movies/3
HEADERS: {"Host":["localhost"],"Content-Type":["application\/x-www-form-urlencoded"],"User-Agent":["insomnia\/2023.5.8"],"Accept":["*\/*"],"Content-Length":["8"]}
BODY: title=99


URI: http://localhost:8888/v1/movies/3
HEADERS: {"Host":["localhost"],"Content-Type":["application\/x-www-form-urlencoded"],"User-Agent":["insomnia\/2023.5.8"],"Accept":["*\/*"],"Content-Length":["8"]}
BODY: title=99


URI: http://localhost:8888/v1/movies/3
HEADERS: {"Host":["localhost"],"Content-Type":["application\/x-www-form-urlencoded"],"User-Agent":["insomnia\/2023.5.8"],"Accept":["*\/*"],"Content-Length":["8"]}
BODY: title=99


URI: http://localhost:8888/v1/movies/3
HEADERS: {"Host":["localhost"],"Content-Type":["application\/x-www-form-urlencoded"],"User-Agent":["insomnia\/2023.5.8"],"Accept":["*\/*"],"Content-Length":["8"]}
BODY: title=99


URI: http://localhost:8888/v1/movies/3
HEADERS: {"Host":["localhost"],"Content-Type":["application\/x-www-form-urlencoded"],"User-Agent":["insomnia\/2023.5.8"],"Accept":["*\/*"],"Content-Length":["8"]}
BODY: title=99


URI: http://localhost:8888/v1/movies/3
HEADERS: {"Host":["localhost"],"Content-Type":["application\/x-www-form-urlencoded"],"User-Agent":["insomnia\/2023.5.8"],"Accept":["*\/*"],"Content-Length":["8"]}
BODY: title=99


URI: http://localhost:8888/v1/movies/3
HEADERS: {"Host":["localhost"],"Content-Type":["application\/x-www-form-urlencoded"],"User-Agent":["insomnia\/2023.5.8"],"Accept":["*\/*"],"Content-Length":["8"]}
BODY: title=99


URI: http://localhost:8888/v1/movies/3
HEADERS: {"Host":["localhost"],"Content-Type":["application\/x-www-form-urlencoded"],"User-Agent":["insomnia\/2023.5.8"],"Accept":["*\/*"],"Content-Length":["8"]}
BODY: title=20


URI: http://localhost:8888/v1/movies/3
HEADERS: {"Host":["localhost"],"Content-Type":["application\/x-www-form-urlencoded"],"User-Agent":["insomnia\/2023.5.8"],"Accept":["*\/*"],"Content-Length":["8"]}
BODY: title=20


URI: http://localhost:8888/v1/movies/3
HEADERS: {"Host":["localhost"],"Content-Type":["application\/x-www-form-urlencoded"],"User-Agent":["insomnia\/2023.5.8"],"Accept":["*\/*"],"Content-Length":["8"]}
BODY: title=20


URI: http://localhost:8888/v1/movies/3
HEADERS: {"Host":["localhost"],"Content-Type":["application\/x-www-form-urlencoded"],"User-Agent":["insomnia\/2023.5.8"],"Accept":["*\/*"],"Content-Length":["8"]}
BODY: title=20


URI: http://localhost:8888/v1/movies/3
HEADERS: {"Host":["localhost"],"Content-Type":["application\/x-www-form-urlencoded"],"User-Agent":["insomnia\/2023.5.8"],"Accept":["*\/*"],"Content-Length":["8"]}
BODY: title=20


URI: http://localhost:8888/v1/movies/3
HEADERS: {"Host":["localhost"],"Content-Type":["application\/x-www-form-urlencoded"],"User-Agent":["insomnia\/2023.5.8"],"Accept":["*\/*"],"Content-Length":["8"]}
BODY: title=20


URI: http://localhost:8888/v1/movies/3
HEADERS: {"Host":["localhost"],"Content-Type":["application\/x-www-form-urlencoded"],"User-Agent":["insomnia\/2023.5.8"],"Accept":["*\/*"],"Content-Length":["8"]}
BODY: title=20


URI: http://localhost:8888/v1/movies/3
HEADERS: {"Host":["localhost"],"Content-Type":["application\/x-www-form-urlencoded"],"User-Agent":["insomnia\/2023.5.8"],"Accept":["*\/*"],"Content-Length":["8"]}
BODY: title=20


URI: http://localhost:8888/v1/movies/3
HEADERS: {"Host":["localhost"],"Content-Type":["application\/x-www-form-urlencoded"],"User-Agent":["insomnia\/2023.5.8"],"Accept":["*\/*"],"Content-Length":["8"]}
BODY: title=20


URI: http://localhost:8888/v1/movies/3
HEADERS: {"Host":["localhost"],"Content-Type":["application\/x-www-form-urlencoded"],"User-Agent":["insomnia\/2023.5.8"],"Accept":["*\/*"],"Content-Length":["8"]}
BODY: title=20


URI: http://localhost:8888/v1/movies/3
HEADERS: {"Host":["localhost"],"Content-Type":["application\/x-www-form-urlencoded"],"User-Agent":["insomnia\/2023.5.8"],"Accept":["*\/*"],"Content-Length":["8"]}
BODY: title=20


URI: http://localhost:8888/v1/movies/3
HEADERS: {"Host":["localhost"],"Content-Type":["application\/x-www-form-urlencoded"],"User-Agent":["insomnia\/2023.5.8"],"Accept":["*\/*"],"Content-Length":["8"]}
BODY: title=10


URI: http://localhost:8888/v1/movies/3
HEADERS: {"Host":["localhost"],"Content-Type":["application\/x-www-form-urlencoded"],"User-Agent":["insomnia\/2023.5.8"],"Accept":["*\/*"],"Content-Length":["8"]}
BODY: title=10


URI: http://localhost:8888/v1/movies/3
HEADERS: {"Host":["localhost"],"Content-Type":["application\/x-www-form-urlencoded"],"User-Agent":["insomnia\/2023.5.8"],"Accept":["*\/*"],"Content-Length":["8"]}
BODY: title=10


URI: http://localhost:8888/v1/movies/3
HEADERS: {"Host":["localhost"],"Content-Type":["application\/x-www-form-urlencoded"],"User-Agent":["insomnia\/2023.5.8"],"Accept":["*\/*"],"Content-Length":["8"]}
BODY: title=10


URI: http://localhost:8888/v1/movies/3
HEADERS: {"Host":["localhost"],"Content-Type":["application\/x-www-form-urlencoded"],"User-Agent":["insomnia\/2023.5.8"],"Accept":["*\/*"],"Content-Length":["8"]}
BODY: title=10


URI: http://localhost:8888/v1/movies/3
HEADERS: {"Host":["localhost"],"Content-Type":["application\/x-www-form-urlencoded"],"User-Agent":["insomnia\/2023.5.8"],"Accept":["*\/*"],"Content-Length":["8"]}
BODY: title=10


URI: http://localhost:8888/v1/movies/3
HEADERS: {"Host":["localhost"],"Content-Type":["application\/x-www-form-urlencoded"],"User-Agent":["insomnia\/2023.5.8"],"Accept":["*\/*"],"Content-Length":["8"]}
BODY: title=10


URI: http://localhost:8888/v1/movies/3
HEADERS: {"Host":["localhost"],"Content-Type":["application\/x-www-form-urlencoded"],"User-Agent":["insomnia\/2023.5.8"],"Accept":["*\/*"],"Content-Length":["8"]}
BODY: title=10


URI: http://localhost:8888/v1/movies/3
HEADERS: {"Host":["localhost"],"Content-Type":["application\/x-www-form-urlencoded"],"User-Agent":["insomnia\/2023.5.8"],"Accept":["*\/*"],"Content-Length":["8"]}
BODY: title=10


URI: http://localhost:8888/v1/movies/3
HEADERS: {"Host":["localhost"],"Content-Type":["application\/x-www-form-urlencoded"],"User-Agent":["insomnia\/2023.5.8"],"Accept":["*\/*"],"Content-Length":["8"]}
BODY: title=20


URI: http://localhost:8888/v1/movies/3
HEADERS: {"Host":["localhost"],"Content-Type":["application\/x-www-form-urlencoded"],"User-Agent":["insomnia\/2023.5.8"],"Accept":["*\/*"],"Content-Length":["8"]}
BODY: title=20


URI: http://localhost:8888/v2/movies/3
HEADERS: {"Host":["localhost"],"Content-Type":["application\/x-www-form-urlencoded"],"User-Agent":["insomnia\/2023.5.8"],"Accept":["*\/*"],"Content-Length":["8"]}
BODY: title=20


URI: http://localhost:8888/v2/movies/3
HEADERS: {"Host":["localhost"],"Content-Type":["application\/x-www-form-urlencoded"],"User-Agent":["insomnia\/2023.5.8"],"Accept":["*\/*"],"Content-Length":["8"]}
BODY: title=20


URI: http://localhost:8888/v2/movies/4
HEADERS: {"Host":["localhost"],"Content-Type":["application\/x-www-form-urlencoded"],"User-Agent":["insomnia\/2023.5.8"],"Accept":["*\/*"],"Content-Length":["8"]}
BODY: title=20


URI: http://localhost:8888/v2/movies
HEADERS: {"Host":["localhost"],"Content-Type":["application\/x-www-form-urlencoded"],"User-Agent":["insomnia\/2023.5.8"],"Accept":["*\/*"],"Content-Length":["8"]}
BODY: title=20


URI: http://localhost:8888/v2/movies
HEADERS: {"Host":["localhost"],"Content-Type":["application\/x-www-form-urlencoded"],"User-Agent":["insomnia\/2023.5.8"],"Accept":["*\/*"],"Content-Length":["8"]}
BODY: title=20


URI: http://localhost:8888/v2/movies
HEADERS: {"Host":["localhost"],"Content-Type":["application\/x-www-form-urlencoded"],"User-Agent":["insomnia\/2023.5.8"],"Accept":["*\/*"],"Content-Length":["8"]}
BODY: title=20


URI: http://localhost:8888/v2/movies
HEADERS: {"Host":["localhost"],"Content-Type":["application\/x-www-form-urlencoded"],"User-Agent":["insomnia\/2023.5.8"],"Accept":["*\/*"],"Content-Length":["8"]}
BODY: title=20


URI: http://localhost:8888/v2/movies
HEADERS: {"Host":["localhost"],"Content-Type":["application\/x-www-form-urlencoded"],"User-Agent":["insomnia\/2023.5.8"],"Accept":["*\/*"],"Content-Length":["8"]}
BODY: title=20


URI: http://localhost:8888/v2/movies
HEADERS: {"Host":["localhost"],"Content-Type":["application\/x-www-form-urlencoded"],"User-Agent":["insomnia\/2023.5.8"],"Accept":["*\/*"],"Content-Length":["8"]}
BODY: title=20


URI: http://localhost:8888/v2/movies
HEADERS: {"Host":["localhost"],"Content-Type":["application\/x-www-form-urlencoded"],"User-Agent":["insomnia\/2023.5.8"],"Accept":["*\/*"],"Content-Length":["8"]}
BODY: title=20


URI: http://localhost:8888/v2/movies/5
HEADERS: {"Host":["localhost"],"Content-Type":["application\/x-www-form-urlencoded"],"User-Agent":["insomnia\/2023.5.8"],"Accept":["*\/*"],"Content-Length":["8"]}
BODY: title=20


URI: http://localhost:8888/v2/movies/5
HEADERS: {"Host":["localhost"],"Content-Type":["application\/x-www-form-urlencoded"],"User-Agent":["insomnia\/2023.5.8"],"Accept":["*\/*"],"Content-Length":["8"]}
BODY: title=20


URI: http://localhost:8888/v2/api
HEADERS: {"Host":["localhost"],"Content-Type":["application\/x-www-form-urlencoded"],"User-Agent":["insomnia\/2023.5.8"],"Accept":["*\/*"],"Content-Length":["8"]}
BODY: title=20


URI: http://localhost:8888/v2/api
HEADERS: {"Host":["localhost"],"Content-Type":["application\/x-www-form-urlencoded"],"User-Agent":["insomnia\/2023.5.8"],"Accept":["*\/*"],"Content-Length":["8"]}
BODY: title=20


URI: http://localhost:8888/v2/api
HEADERS: {"Host":["localhost"],"Content-Type":["application\/x-www-form-urlencoded"],"User-Agent":["insomnia\/2023.5.8"],"Accept":["*\/*"],"Content-Length":["8"]}
BODY: title=20


URI: http://localhost:8888/v2/api
HEADERS: {"Host":["localhost"],"User-Agent":["insomnia\/2023.5.8"],"Accept":["*\/*"]}
BODY: 


URI: http://localhost:8888/v2/api
HEADERS: {"Host":["localhost"],"User-Agent":["insomnia\/2023.5.8"],"Accept":["*\/*"]}
BODY: 


URI: http://localhost:8888/v2/api
HEADERS: {"Host":["localhost"],"User-Agent":["insomnia\/2023.5.8"],"Accept":["*\/*"]}
BODY: 


URI: http://localhost:8888/v2/api
HEADERS: {"Host":["localhost"],"User-Agent":["Mozilla\/5.0 (Windows NT 10.0; Win64; x64; rv:109.0) Gecko\/20100101 Firefox\/118.0"],"Accept":["application\/json,*\/*"],"Accept-Language":["en-US,en;q=0.5"],"Accept-Encoding":["gzip, deflate, br"],"Referer":["http:\/\/localhost:8888\/docs\/"],"DNT":["1"],"Connection":["keep-alive"],"Cookie":["Phpstorm-95703cb4=7d0aedf2-7d54-4a67-8714-21f294d77117"],"Sec-Fetch-Dest":["empty"],"Sec-Fetch-Mode":["cors"],"Sec-Fetch-Site":["same-origin"]}
BODY: 


URI: http://localhost:8888/v2/api
HEADERS: {"Host":["localhost"],"User-Agent":["insomnia\/2023.5.8"],"Accept":["*\/*"]}
BODY: 


URI: http://localhost:8888/v1/api
HEADERS: {"Host":["localhost"],"User-Agent":["insomnia\/2023.5.8"],"Accept":["*\/*"]}
BODY: 


URI: http://localhost:8888/v1/pi
HEADERS: {"Host":["localhost"],"User-Agent":["insomnia\/2023.5.8"],"Accept":["*\/*"]}
BODY: 


URI: http://localhost:8888/v1/api
HEADERS: {"Host":["localhost"],"User-Agent":["insomnia\/2023.5.8"],"Accept":["*\/*"]}
BODY: 


URI: http://localhost:8888/v1/api
HEADERS: {"Host":["localhost"],"User-Agent":["insomnia\/2023.5.8"],"Accept":["*\/*"]}
BODY: 


URI: http://localhost:8888/v1/api
HEADERS: {"Host":["localhost"],"User-Agent":["insomnia\/2023.5.8"],"Accept":["*\/*"]}
BODY: 


URI: http://localhost:8888/v1/api
HEADERS: {"Host":["localhost"],"User-Agent":["insomnia\/2023.5.8"],"Accept":["*\/*"]}
BODY: 


URI: http://localhost:8888/v1/api
HEADERS: {"Host":["localhost"],"User-Agent":["insomnia\/2023.5.8"],"Accept":["*\/*"]}
BODY: 


URI: http://localhost:8888/v1/api
HEADERS: {"Host":["localhost"],"User-Agent":["insomnia\/2023.5.8"],"Accept":["*\/*"]}
BODY: 


URI: http://localhost:8888/v1/api
HEADERS: {"Host":["localhost"],"User-Agent":["insomnia\/2023.5.8"],"Accept":["*\/*"]}
BODY: 


URI: http://localhost:8888/v1/api
HEADERS: {"Host":["localhost"],"User-Agent":["insomnia\/2023.5.8"],"Accept":["*\/*"]}
BODY: 


URI: http://localhost:8888/v1/api
HEADERS: {"Host":["localhost"],"User-Agent":["insomnia\/2023.5.8"],"Accept":["*\/*"]}
BODY: 


URI: http://localhost:8888/v1/api
HEADERS: {"Host":["localhost"],"User-Agent":["insomnia\/2023.5.8"],"Accept":["*\/*"]}
BODY: 


URI: http://localhost:8888/v1/api
HEADERS: {"Host":["localhost"],"User-Agent":["insomnia\/2023.5.8"],"Accept":["*\/*"]}
BODY: 


URI: http://localhost:8888/v1/api
HEADERS: {"Host":["localhost"],"User-Agent":["insomnia\/2023.5.8"],"Accept":["*\/*"]}
BODY: 


URI: http://localhost:8888/v1/api
HEADERS: {"Host":["localhost"],"User-Agent":["insomnia\/2023.5.8"],"Accept":["*\/*"]}
BODY: 


URI: http://localhost:8888/v1/api
HEADERS: {"Host":["localhost"],"User-Agent":["insomnia\/2023.5.8"],"Accept":["*\/*"]}
BODY: 


URI: http://localhost:8888/v1/api
HEADERS: {"Host":["localhost"],"User-Agent":["insomnia\/2023.5.8"],"Accept":["*\/*"]}
BODY: 


